Analysis & Synthesis report for maps_top
Sat Jun 16 21:01:44 2018
Quartus Prime Version 17.0.0 Build 595 04/25/2017 SJ Lite Edition


---------------------
; Table of Contents ;
---------------------
  1. Legal Notice
  2. Analysis & Synthesis Summary
  3. Analysis & Synthesis Settings
  4. Parallel Compilation
  5. Analysis & Synthesis Messages



----------------
; Legal Notice ;
----------------
Copyright (C) 2017  Intel Corporation. All rights reserved.
Your use of Intel Corporation's design tools, logic functions 
and other software and tools, and its AMPP partner logic 
functions, and any output files from any of the foregoing 
(including device programming or simulation files), and any 
associated documentation or information are expressly subject 
to the terms and conditions of the Intel Program License 
Subscription Agreement, the Intel Quartus Prime License Agreement,
the Intel MegaCore Function License Agreement, or other 
applicable license agreement, including, without limitation, 
that your use is for the sole purpose of programming logic 
devices manufactured by Intel and sold by Intel or its 
authorized distributors.  Please refer to the applicable 
agreement for further details.



+----------------------------------------------------------------------------------+
; Analysis & Synthesis Summary                                                     ;
+------------------------------------+---------------------------------------------+
; Analysis & Synthesis Status        ; Failed - Sat Jun 16 21:01:44 2018           ;
; Quartus Prime Version              ; 17.0.0 Build 595 04/25/2017 SJ Lite Edition ;
; Revision Name                      ; maps_top                                    ;
; Top-level Entity Name              ; maps_top                                    ;
; Family                             ; MAX 10                                      ;
; Total logic elements               ; N/A until Partition Merge                   ;
;     Total combinational functions  ; N/A until Partition Merge                   ;
;     Dedicated logic registers      ; N/A until Partition Merge                   ;
; Total registers                    ; N/A until Partition Merge                   ;
; Total pins                         ; N/A until Partition Merge                   ;
; Total virtual pins                 ; N/A until Partition Merge                   ;
; Total memory bits                  ; N/A until Partition Merge                   ;
; Embedded Multiplier 9-bit elements ; N/A until Partition Merge                   ;
; Total PLLs                         ; N/A until Partition Merge                   ;
; UFM blocks                         ; N/A until Partition Merge                   ;
; ADC blocks                         ; N/A until Partition Merge                   ;
+------------------------------------+---------------------------------------------+


+----------------------------------------------------------------------------------------------------------------------+
; Analysis & Synthesis Settings                                                                                        ;
+----------------------------------------------------------------------------+--------------------+--------------------+
; Option                                                                     ; Setting            ; Default Value      ;
+----------------------------------------------------------------------------+--------------------+--------------------+
; Device                                                                     ; 10M08SAU169C8G     ;                    ;
; Top-level entity name                                                      ; maps_top           ; maps_top           ;
; Family name                                                                ; MAX 10             ; Cyclone V          ;
; Maximum processors allowed for parallel compilation                        ; 4                  ;                    ;
; Use smart compilation                                                      ; Off                ; Off                ;
; Enable parallel Assembler and TimeQuest Timing Analyzer during compilation ; On                 ; On                 ;
; Enable compact report table                                                ; Off                ; Off                ;
; Restructure Multiplexers                                                   ; Auto               ; Auto               ;
; Create Debugging Nodes for IP Cores                                        ; Off                ; Off                ;
; Preserve fewer node names                                                  ; On                 ; On                 ;
; OpenCore Plus hardware evaluation                                          ; Enable             ; Enable             ;
; Verilog Version                                                            ; Verilog_2001       ; Verilog_2001       ;
; VHDL Version                                                               ; VHDL_1993          ; VHDL_1993          ;
; State Machine Processing                                                   ; Auto               ; Auto               ;
; Safe State Machine                                                         ; Off                ; Off                ;
; Extract Verilog State Machines                                             ; On                 ; On                 ;
; Extract VHDL State Machines                                                ; On                 ; On                 ;
; Ignore Verilog initial constructs                                          ; Off                ; Off                ;
; Iteration limit for constant Verilog loops                                 ; 5000               ; 5000               ;
; Iteration limit for non-constant Verilog loops                             ; 250                ; 250                ;
; Add Pass-Through Logic to Inferred RAMs                                    ; On                 ; On                 ;
; Infer RAMs from Raw Logic                                                  ; On                 ; On                 ;
; Parallel Synthesis                                                         ; On                 ; On                 ;
; DSP Block Balancing                                                        ; Auto               ; Auto               ;
; NOT Gate Push-Back                                                         ; On                 ; On                 ;
; Power-Up Don't Care                                                        ; On                 ; On                 ;
; Remove Redundant Logic Cells                                               ; Off                ; Off                ;
; Remove Duplicate Registers                                                 ; On                 ; On                 ;
; Ignore CARRY Buffers                                                       ; Off                ; Off                ;
; Ignore CASCADE Buffers                                                     ; Off                ; Off                ;
; Ignore GLOBAL Buffers                                                      ; Off                ; Off                ;
; Ignore ROW GLOBAL Buffers                                                  ; Off                ; Off                ;
; Ignore LCELL Buffers                                                       ; Off                ; Off                ;
; Ignore SOFT Buffers                                                        ; On                 ; On                 ;
; Limit AHDL Integers to 32 Bits                                             ; Off                ; Off                ;
; Optimization Technique                                                     ; Balanced           ; Balanced           ;
; Carry Chain Length                                                         ; 70                 ; 70                 ;
; Auto Carry Chains                                                          ; On                 ; On                 ;
; Auto Open-Drain Pins                                                       ; On                 ; On                 ;
; Perform WYSIWYG Primitive Resynthesis                                      ; Off                ; Off                ;
; Auto ROM Replacement                                                       ; On                 ; On                 ;
; Auto RAM Replacement                                                       ; On                 ; On                 ;
; Auto DSP Block Replacement                                                 ; On                 ; On                 ;
; Auto Shift Register Replacement                                            ; Auto               ; Auto               ;
; Allow Shift Register Merging across Hierarchies                            ; Auto               ; Auto               ;
; Auto Clock Enable Replacement                                              ; On                 ; On                 ;
; Strict RAM Replacement                                                     ; Off                ; Off                ;
; Allow Synchronous Control Signals                                          ; On                 ; On                 ;
; Force Use of Synchronous Clear Signals                                     ; Off                ; Off                ;
; Auto RAM Block Balancing                                                   ; On                 ; On                 ;
; Auto RAM to Logic Cell Conversion                                          ; Off                ; Off                ;
; Auto Resource Sharing                                                      ; Off                ; Off                ;
; Allow Any RAM Size For Recognition                                         ; Off                ; Off                ;
; Allow Any ROM Size For Recognition                                         ; Off                ; Off                ;
; Allow Any Shift Register Size For Recognition                              ; Off                ; Off                ;
; Use LogicLock Constraints during Resource Balancing                        ; On                 ; On                 ;
; Ignore translate_off and synthesis_off directives                          ; Off                ; Off                ;
; Timing-Driven Synthesis                                                    ; On                 ; On                 ;
; Report Parameter Settings                                                  ; On                 ; On                 ;
; Report Source Assignments                                                  ; On                 ; On                 ;
; Report Connectivity Checks                                                 ; On                 ; On                 ;
; Ignore Maximum Fan-Out Assignments                                         ; Off                ; Off                ;
; Synchronization Register Chain Length                                      ; 2                  ; 2                  ;
; PowerPlay Power Optimization During Synthesis                              ; Normal compilation ; Normal compilation ;
; HDL message level                                                          ; Level2             ; Level2             ;
; Suppress Register Optimization Related Messages                            ; Off                ; Off                ;
; Number of Removed Registers Reported in Synthesis Report                   ; 5000               ; 5000               ;
; Number of Swept Nodes Reported in Synthesis Report                         ; 5000               ; 5000               ;
; Number of Inverted Registers Reported in Synthesis Report                  ; 100                ; 100                ;
; Clock MUX Protection                                                       ; On                 ; On                 ;
; Auto Gated Clock Conversion                                                ; Off                ; Off                ;
; Block Design Naming                                                        ; Auto               ; Auto               ;
; SDC constraint protection                                                  ; Off                ; Off                ;
; Synthesis Effort                                                           ; Auto               ; Auto               ;
; Shift Register Replacement - Allow Asynchronous Clear Signal               ; On                 ; On                 ;
; Pre-Mapping Resynthesis Optimization                                       ; Off                ; Off                ;
; Analysis & Synthesis Message Level                                         ; Medium             ; Medium             ;
; Disable Register Merging Across Hierarchies                                ; Auto               ; Auto               ;
; Resource Aware Inference For Block RAM                                     ; On                 ; On                 ;
+----------------------------------------------------------------------------+--------------------+--------------------+


+------------------------------------------+
; Parallel Compilation                     ;
+----------------------------+-------------+
; Processors                 ; Number      ;
+----------------------------+-------------+
; Number detected on machine ; 8           ;
; Maximum allowed            ; 4           ;
;                            ;             ;
; Average used               ; 1.00        ;
; Maximum used               ; 1           ;
;                            ;             ;
; Usage by Processor         ; % Time Used ;
;     Processor 1            ; 100.0%      ;
+----------------------------+-------------+


+-------------------------------+
; Analysis & Synthesis Messages ;
+-------------------------------+
Info: *******************************************************************
Info: Running Quartus Prime Analysis & Synthesis
    Info: Version 17.0.0 Build 595 04/25/2017 SJ Lite Edition
    Info: Processing started: Sat Jun 16 21:01:37 2018
Info: Command: quartus_map --read_settings_files=on --write_settings_files=off maps_top -c maps_top
Info (20032): Parallel compilation is enabled and will use up to 4 processors
Info (12021): Found 2 design units, including 1 entities, in source file /users/bryan/documents/projects/vhdl/mut/src/vhdl/spi_master.vhd
    Info (12022): Found design unit 1: spi_master-logic File: C:/Users/Bryan/Documents/Projects/VHDL/mut/src/vhdl/spi_master.vhd Line: 52
    Info (12023): Found entity 1: spi_master File: C:/Users/Bryan/Documents/Projects/VHDL/mut/src/vhdl/spi_master.vhd Line: 30
Info (12021): Found 2 design units, including 1 entities, in source file /users/bryan/documents/projects/vhdl/mut/src/vhdl/led_blink.vhd
    Info (12022): Found design unit 1: led_blink-Behavioral File: C:/Users/Bryan/Documents/Projects/VHDL/mut/src/vhdl/led_blink.vhd Line: 28
    Info (12023): Found entity 1: led_blink File: C:/Users/Bryan/Documents/Projects/VHDL/mut/src/vhdl/led_blink.vhd Line: 8
Info (12021): Found 2 design units, including 1 entities, in source file /users/bryan/documents/projects/vhdl/mut/src/vhdl/uart_tx.vhd
    Info (12022): Found design unit 1: UART_TX-RTL File: C:/Users/Bryan/Documents/Projects/VHDL/mut/src/vhdl/uart_tx.vhd Line: 33
    Info (12023): Found entity 1: UART_TX File: C:/Users/Bryan/Documents/Projects/VHDL/mut/src/vhdl/uart_tx.vhd Line: 18
Info (12021): Found 2 design units, including 1 entities, in source file /users/bryan/documents/projects/vhdl/mut/src/vhdl/uart_rx.vhd
    Info (12022): Found design unit 1: UART_RX-rtl File: C:/Users/Bryan/Documents/Projects/VHDL/mut/src/vhdl/uart_rx.vhd Line: 31
    Info (12023): Found entity 1: UART_RX File: C:/Users/Bryan/Documents/Projects/VHDL/mut/src/vhdl/uart_rx.vhd Line: 18
Info (12021): Found 2 design units, including 1 entities, in source file /users/bryan/documents/projects/vhdl/mut/src/vhdl/uart_ctrl.vhd
    Info (12022): Found design unit 1: uart_ctrl-rtl File: C:/Users/Bryan/Documents/Projects/VHDL/mut/src/vhdl/uart_ctrl.vhd Line: 61
    Info (12023): Found entity 1: uart_ctrl File: C:/Users/Bryan/Documents/Projects/VHDL/mut/src/vhdl/uart_ctrl.vhd Line: 38
Info (12021): Found 2 design units, including 0 entities, in source file /users/bryan/documents/projects/vhdl/mut/src/vhdl/reg_map_pkg.vhd
    Info (12022): Found design unit 1: reg_map_pkg File: C:/Users/Bryan/Documents/Projects/VHDL/mut/src/vhdl/reg_map_pkg.vhd Line: 31
    Info (12022): Found design unit 2: reg_map_pkg-body File: C:/Users/Bryan/Documents/Projects/VHDL/mut/src/vhdl/reg_map_pkg.vhd Line: 69
Info (12021): Found 2 design units, including 1 entities, in source file /users/bryan/documents/projects/vhdl/mut/src/vhdl/reg_map.vhd
    Info (12022): Found design unit 1: reg_map-rtl File: C:/Users/Bryan/Documents/Projects/VHDL/mut/src/vhdl/reg_map.vhd Line: 56
    Info (12023): Found entity 1: reg_map File: C:/Users/Bryan/Documents/Projects/VHDL/mut/src/vhdl/reg_map.vhd Line: 37
Info (12021): Found 2 design units, including 1 entities, in source file /users/bryan/documents/projects/vhdl/mut/src/vhdl/rad.vhd
    Info (12022): Found design unit 1: rad-rtl File: C:/Users/Bryan/Documents/Projects/VHDL/mut/src/vhdl/rad.vhd Line: 60
    Info (12023): Found entity 1: rad File: C:/Users/Bryan/Documents/Projects/VHDL/mut/src/vhdl/rad.vhd Line: 42
Info (12021): Found 2 design units, including 1 entities, in source file /users/bryan/documents/projects/vhdl/mut/src/vhdl/mut_top.vhd
    Info (12022): Found design unit 1: maps_top-rtl File: C:/Users/Bryan/Documents/Projects/VHDL/mut/src/vhdl/mut_top.vhd Line: 64
    Info (12023): Found entity 1: maps_top File: C:/Users/Bryan/Documents/Projects/VHDL/mut/src/vhdl/mut_top.vhd Line: 34
Info (12021): Found 2 design units, including 1 entities, in source file uart_fifo.vhd
    Info (12022): Found design unit 1: uart_fifo-SYN File: C:/Users/Bryan/Documents/Projects/VHDL/mut/imp/quartus/uart_fifo.vhd Line: 58
    Info (12023): Found entity 1: uart_fifo File: C:/Users/Bryan/Documents/Projects/VHDL/mut/imp/quartus/uart_fifo.vhd Line: 43
Error (10309): VHDL Interface Declaration error in led_blink.vhd(60): interface object "LED1" of mode out cannot be read. Change object mode to buffer. File: C:/Users/Bryan/Documents/Projects/VHDL/mut/src/vhdl/led_blink.vhd Line: 60
Error: Quartus Prime Analysis & Synthesis was unsuccessful. 1 error, 0 warnings
    Error: Peak virtual memory: 4803 megabytes
    Error: Processing ended: Sat Jun 16 21:01:44 2018
    Error: Elapsed time: 00:00:07
    Error: Total CPU time (on all processors): 00:00:17


