Assembler report for maps_top
Wed Jun 06 20:05:20 2018
Quartus Prime Version 17.0.0 Build 595 04/25/2017 SJ Lite Edition


---------------------
; Table of Contents ;
---------------------
  1. Legal Notice
  2. Assembler Summary
  3. Assembler Settings
  4. Assembler Encrypted IP Cores Summary
  5. Assembler Generated Files
  6. Assembler Device Options: C:/Users/Bryan/Documents/Projects/VHDL/mut/imp/quartus/output_files/maps_top.sof
  7. Assembler Messages



----------------
; Legal Notice ;
----------------
Copyright (C) 2017  Intel Corporation. All rights reserved.
Your use of Intel Corporation's design tools, logic functions 
and other software and tools, and its AMPP partner logic 
functions, and any output files from any of the foregoing 
(including device programming or simulation files), and any 
associated documentation or information are expressly subject 
to the terms and conditions of the Intel Program License 
Subscription Agreement, the Intel Quartus Prime License Agreement,
the Intel MegaCore Function License Agreement, or other 
applicable license agreement, including, without limitation, 
that your use is for the sole purpose of programming logic 
devices manufactured by Intel and sold by Intel or its 
authorized distributors.  Please refer to the applicable 
agreement for further details.



+---------------------------------------------------------------+
; Assembler Summary                                             ;
+-----------------------+---------------------------------------+
; Assembler Status      ; Successful - Wed Jun 06 20:05:20 2018 ;
; Revision Name         ; maps_top                              ;
; Top-level Entity Name ; maps_top                              ;
; Family                ; MAX 10                                ;
; Device                ; 10M08SAU169C8G                        ;
+-----------------------+---------------------------------------+


+----------------------------------+
; Assembler Settings               ;
+--------+---------+---------------+
; Option ; Setting ; Default Value ;
+--------+---------+---------------+


+------------------------------------------------+
; Assembler Encrypted IP Cores Summary           ;
+--------+------------------------+--------------+
; Vendor ; IP Core Name           ; License Type ;
+--------+------------------------+--------------+
; Altera ; Signal Tap (6AF7 BCE1) ; Licensed     ;
; Altera ; Signal Tap (6AF7 BCEC) ; Licensed     ;
+--------+------------------------+--------------+


+----------------------------------------------------------------------------------+
; Assembler Generated Files                                                        ;
+----------------------------------------------------------------------------------+
; File Name                                                                        ;
+----------------------------------------------------------------------------------+
; C:/Users/Bryan/Documents/Projects/VHDL/mut/imp/quartus/output_files/maps_top.sof ;
+----------------------------------------------------------------------------------+


+------------------------------------------------------------------------------------------------------------+
; Assembler Device Options: C:/Users/Bryan/Documents/Projects/VHDL/mut/imp/quartus/output_files/maps_top.sof ;
+----------------+-------------------------------------------------------------------------------------------+
; Option         ; Setting                                                                                   ;
+----------------+-------------------------------------------------------------------------------------------+
; JTAG usercode  ; 0x0019F40C                                                                                ;
; Checksum       ; 0x0019F40C                                                                                ;
+----------------+-------------------------------------------------------------------------------------------+


+--------------------+
; Assembler Messages ;
+--------------------+
Info: *******************************************************************
Info: Running Quartus Prime Assembler
    Info: Version 17.0.0 Build 595 04/25/2017 SJ Lite Edition
    Info: Processing started: Wed Jun 06 20:05:19 2018
Info: Command: quartus_asm --read_settings_files=off --write_settings_files=off maps_top -c maps_top
Info (115031): Writing out detailed assembly data for power analysis
Info (115030): Assembler is generating device programming files
Info: Quartus Prime Assembler was successful. 0 errors, 0 warnings
    Info: Peak virtual memory: 4705 megabytes
    Info: Processing ended: Wed Jun 06 20:05:20 2018
    Info: Elapsed time: 00:00:01
    Info: Total CPU time (on all processors): 00:00:01


